<?xml version="1.0" encoding="UTF-8"?>
<!-- Generated by org.testng.reporters.JUnitReportReporter -->
<testsuite hostname="DESKTOP-VG84OBB" failures="0" tests="1" name="api.tests.UserTests" time="11.904" errors="0" timestamp="2024-03-19T10:19:13 IST" skipped="0">
  <testcase classname="api.tests.UserTests" name="testPostUser" time="11.904"/>
</testsuite> <!-- api.tests.UserTests -->
